<?xml version="1.0" encoding="UTF-8"?>
<!-- Generated by org.testng.reporters.JUnitReportReporter -->
<testsuite skipped="0" hostname="LAPTOP-92B43PI5" name="ConCord" tests="1" failures="0" timestamp="02 May 2021 12:02:32 GMT" time="18.802" errors="0">
  <testcase name="Test" time="18.802" classname="ConCord"/>
</testsuite> <!-- ConCord -->
